<?xml version="1.0" encoding="UTF-8" ?>
<testsuite errors="0" failures="0" hostname="iMac-de-nadies.home" name="com.app.selenium.SeleniumTest" skipped="0" tests="1" time="4.201" timestamp="2021-11-04T22:39:21">
  <properties>
[...]
</properties>
  <testcase classname="com.app.selenium.SeleniumTest" name="initialTest" time="0.802" />
  <system-out><![CDATA[]]></system-out>
  <system-err><![CDATA[Starting ChromeDriver 95.0.4638.54 (d31a821ec901f68d0d34ccdbaea45b4c86ce543e-refs/branch-heads/4638@{#871}) on port 43123
Only local connections are allowed.
Please see https://chromedriver.chromium.org/security-considerations for suggestions on keeping ChromeDriver safe.
ChromeDriver was started successfully.
nov. 04, 2021 11:39:24 P. M. org.openqa.selenium.remote.ProtocolHandshake createSession
INFO: Detected dialect: OSS
]]></system-err>
</testsuite>
